-------------------------------------------------------------------------------
Test set: AccountTest
-------------------------------------------------------------------------------
Tests run: 2, Failures: 1, Errors: 0, Skipped: 0, Time elapsed: 0.031 s <<< FAILURE! - in AccountTest
intstantiate  Time elapsed: 0.023 s  <<< FAILURE!
org.opentest4j.AssertionFailedError: expected: <ミナト> but was: <null>
	at AccountTest.intstantiate(AccountTest.java:8)

