<?xml version="1.0" encoding="UTF-8"?>
<testsuite xmlns:xsi="http://www.w3.org/2001/XMLSchema-instance" xsi:noNamespaceSchemaLocation="https://maven.apache.org/surefire/maven-surefire-plugin/xsd/surefire-test-report.xsd" name="AccountTest" time="0.031" tests="2" errors="0" skipped="0" failures="1">
  <properties>
[...]
</properties>
  <testcase name="transfer" classname="AccountTest" time="0"/>
  <testcase name="intstantiate" classname="AccountTest" time="0.023">
    <failure message="expected: &lt;ミナト&gt; but was: &lt;null&gt;" type="org.opentest4j.AssertionFailedError"><![CDATA[org.opentest4j.AssertionFailedError: expected: <ミナト> but was: <null>
	at AccountTest.intstantiate(AccountTest.java:8)
]]></failure>
  </testcase>
</testsuite>